[0m20:45:53.028001 [debug] [MainThread]: Sending event: {'category': 'dbt', 'action': 'invocation', 'label': 'start', 'context': [<snowplow_tracker.self_describing_json.SelfDescribingJson object at 0x77e841221150>, <snowplow_tracker.self_describing_json.SelfDescribingJson object at 0x77e8417a37d0>, <snowplow_tracker.self_describing_json.SelfDescribingJson object at 0x77e84121be10>]}


============================== 20:45:53.033301 | 9b51ee5d-f04e-4b1c-b37d-c3a69c1049ce ==============================
[0m20:45:53.033301 [info ] [MainThread]: Running with dbt=1.8.6
[0m20:45:53.033950 [debug] [MainThread]: running dbt with arguments {'printer_width': '80', 'indirect_selection': 'eager', 'write_json': 'True', 'log_cache_events': 'False', 'partial_parse': 'True', 'cache_selected_only': 'False', 'warn_error': 'None', 'debug': 'False', 'profiles_dir': '/home/vscode/.dbt', 'log_path': 'logs', 'fail_fast': 'False', 'version_check': 'True', 'use_colors': 'True', 'use_experimental_parser': 'False', 'empty': 'None', 'quiet': 'False', 'no_print': 'None', 'log_format': 'default', 'introspect': 'True', 'invocation_command': 'dbt debug', 'warn_error_options': 'WarnErrorOptions(include=[], exclude=[])', 'target_path': 'None', 'static_parser': 'True', 'send_anonymous_usage_stats': 'True'}
[0m20:45:53.041376 [info ] [MainThread]: dbt version: 1.8.6
[0m20:45:53.041849 [info ] [MainThread]: python version: 3.11.10
[0m20:45:53.042289 [info ] [MainThread]: python path: /usr/local/bin/python3.11
[0m20:45:53.042717 [info ] [MainThread]: os info: Linux-6.5.0-1025-azure-x86_64-with-glibc2.36
[0m20:45:53.123029 [info ] [MainThread]: Using profiles dir at /home/vscode/.dbt
[0m20:45:53.123620 [info ] [MainThread]: Using profiles.yml file at /home/vscode/.dbt/profiles.yml
[0m20:45:53.124050 [info ] [MainThread]: Using dbt_project.yml file at /workspaces/dbt-tutorial-template/dbt_project.yml
[0m20:45:53.126650 [info ] [MainThread]: adapter type: duckdb
[0m20:45:53.127063 [info ] [MainThread]: adapter version: 1.8.3
[0m20:45:53.127498 [info ] [MainThread]: Configuration:
[0m20:45:53.127920 [info ] [MainThread]:   profiles.yml file [[32mOK found and valid[0m]
[0m20:45:53.128374 [info ] [MainThread]:   dbt_project.yml file [[31mERROR not found[0m]
[0m20:45:53.128796 [info ] [MainThread]: Required dependencies:
[0m20:45:53.129253 [debug] [MainThread]: Executing "git --help"
[0m20:45:53.131582 [debug] [MainThread]: STDOUT: "b"usage: git [-v | --version] [-h | --help] [-C <path>] [-c <name>=<value>]\n           [--exec-path[=<path>]] [--html-path] [--man-path] [--info-path]\n           [-p | --paginate | -P | --no-pager] [--no-replace-objects] [--no-lazy-fetch]\n           [--no-optional-locks] [--no-advice] [--bare] [--git-dir=<path>]\n           [--work-tree=<path>] [--namespace=<name>] [--config-env=<name>=<envvar>]\n           <command> [<args>]\n\nThese are common Git commands used in various situations:\n\nstart a working area (see also: git help tutorial)\n   clone     Clone a repository into a new directory\n   init      Create an empty Git repository or reinitialize an existing one\n\nwork on the current change (see also: git help everyday)\n   add       Add file contents to the index\n   mv        Move or rename a file, a directory, or a symlink\n   restore   Restore working tree files\n   rm        Remove files from the working tree and from the index\n\nexamine the history and state (see also: git help revisions)\n   bisect    Use binary search to find the commit that introduced a bug\n   diff      Show changes between commits, commit and working tree, etc\n   grep      Print lines matching a pattern\n   log       Show commit logs\n   show      Show various types of objects\n   status    Show the working tree status\n\ngrow, mark and tweak your common history\n   branch    List, create, or delete branches\n   commit    Record changes to the repository\n   merge     Join two or more development histories together\n   rebase    Reapply commits on top of another base tip\n   reset     Reset current HEAD to the specified state\n   switch    Switch branches\n   tag       Create, list, delete or verify a tag object signed with GPG\n\ncollaborate (see also: git help workflows)\n   fetch     Download objects and refs from another repository\n   pull      Fetch from and integrate with another repository or a local branch\n   push      Update remote refs along with associated objects\n\n'git help -a' and 'git help -g' list available subcommands and some\nconcept guides. See 'git help <command>' or 'git help <concept>'\nto read about a specific subcommand or concept.\nSee 'git help git' for an overview of the system.\n""
[0m20:45:53.131985 [debug] [MainThread]: STDERR: "b''"
[0m20:45:53.132328 [info ] [MainThread]:  - git [[32mOK found[0m]

[0m20:45:53.132748 [info ] [MainThread]: Connection:
[0m20:45:53.133208 [info ] [MainThread]:   database: dev
[0m20:45:53.133626 [info ] [MainThread]:   schema: main
[0m20:45:53.134047 [info ] [MainThread]:   path: dev.duckdb
[0m20:45:53.134590 [info ] [MainThread]:   config_options: None
[0m20:45:53.135030 [info ] [MainThread]:   extensions: None
[0m20:45:53.135427 [info ] [MainThread]:   settings: {}
[0m20:45:53.135812 [info ] [MainThread]:   external_root: .
[0m20:45:53.136197 [info ] [MainThread]:   use_credential_provider: None
[0m20:45:53.136579 [info ] [MainThread]:   attach: None
[0m20:45:53.137010 [info ] [MainThread]:   filesystems: None
[0m20:45:53.137398 [info ] [MainThread]:   remote: None
[0m20:45:53.137784 [info ] [MainThread]:   plugins: None
[0m20:45:53.138224 [info ] [MainThread]:   disable_transactions: False
[0m20:45:53.138783 [info ] [MainThread]: Registered adapter: duckdb=1.8.3
[0m20:45:53.141708 [debug] [MainThread]: Acquiring new duckdb connection 'debug'
[0m20:45:53.190026 [debug] [MainThread]: Using duckdb connection "debug"
[0m20:45:53.190792 [debug] [MainThread]: On debug: select 1 as id
[0m20:45:53.191382 [debug] [MainThread]: Opening a new connection, currently in state init
[0m20:45:53.199280 [debug] [MainThread]: SQL status: OK in 0.008 seconds
[0m20:45:53.200174 [debug] [MainThread]: On debug: Close
[0m20:45:53.201774 [info ] [MainThread]:   Connection test: [[32mOK connection ok[0m]

[0m20:45:53.202242 [info ] [MainThread]: [31m1 check failed:[0m
[0m20:45:53.202653 [info ] [MainThread]: Project loading failed for the following reason:
 project path </workspaces/dbt-tutorial-template/dbt_project.yml> not found

[0m20:45:53.203493 [debug] [MainThread]: Resource report: {"command_name": "debug", "command_wall_clock_time": 0.21690576, "process_user_time": 1.278185, "process_kernel_time": 0.182032, "process_mem_max_rss": "135668", "process_out_blocks": "16", "command_success": false, "process_in_blocks": "0"}
[0m20:45:53.204032 [debug] [MainThread]: Command `dbt debug` failed at 20:45:53.203932 after 0.22 seconds
[0m20:45:53.204390 [debug] [MainThread]: Connection 'debug' was properly closed.
[0m20:45:53.204824 [debug] [MainThread]: Sending event: {'category': 'dbt', 'action': 'invocation', 'label': 'end', 'context': [<snowplow_tracker.self_describing_json.SelfDescribingJson object at 0x77e841043e50>, <snowplow_tracker.self_describing_json.SelfDescribingJson object at 0x77e844dd9c50>, <snowplow_tracker.self_describing_json.SelfDescribingJson object at 0x77e8410f0a10>]}
[0m20:45:53.205268 [debug] [MainThread]: Flushing usage events
[0m21:09:33.630778 [debug] [MainThread]: Sending event: {'category': 'dbt', 'action': 'invocation', 'label': 'start', 'context': [<snowplow_tracker.self_describing_json.SelfDescribingJson object at 0x7893cc0c3f50>, <snowplow_tracker.self_describing_json.SelfDescribingJson object at 0x7893cc64b890>, <snowplow_tracker.self_describing_json.SelfDescribingJson object at 0x7893cc0c3cd0>]}


============================== 21:09:33.636068 | 7ecf5919-3450-4ca0-ab9f-68c956f71028 ==============================
[0m21:09:33.636068 [info ] [MainThread]: Running with dbt=1.8.6
[0m21:09:33.636739 [debug] [MainThread]: running dbt with arguments {'printer_width': '80', 'indirect_selection': 'eager', 'log_cache_events': 'False', 'write_json': 'True', 'partial_parse': 'True', 'cache_selected_only': 'False', 'profiles_dir': '/home/vscode/.dbt', 'debug': 'False', 'fail_fast': 'False', 'log_path': 'logs', 'warn_error': 'None', 'version_check': 'True', 'use_colors': 'True', 'use_experimental_parser': 'False', 'no_print': 'None', 'quiet': 'False', 'empty': 'False', 'log_format': 'default', 'invocation_command': 'dbt build', 'static_parser': 'True', 'introspect': 'True', 'target_path': 'None', 'warn_error_options': 'WarnErrorOptions(include=[], exclude=[])', 'send_anonymous_usage_stats': 'True'}
[0m21:09:33.637251 [error] [MainThread]: Encountered an error:
Runtime Error
  No dbt_project.yml found at expected path /workspaces/dbt-tutorial-template/dbt_project.yml
  Verify that each entry within packages.yml (and their transitive dependencies) contains a file named dbt_project.yml
  
[0m21:09:33.638130 [debug] [MainThread]: Resource report: {"command_name": "build", "command_wall_clock_time": 0.048538063, "process_user_time": 1.124075, "process_kernel_time": 0.155457, "process_mem_max_rss": "90060", "process_out_blocks": "16", "command_success": false, "process_in_blocks": "0"}
[0m21:09:33.638672 [debug] [MainThread]: Command `dbt build` failed at 21:09:33.638564 after 0.05 seconds
[0m21:09:33.639070 [debug] [MainThread]: Sending event: {'category': 'dbt', 'action': 'invocation', 'label': 'end', 'context': [<snowplow_tracker.self_describing_json.SelfDescribingJson object at 0x7893cc44aad0>, <snowplow_tracker.self_describing_json.SelfDescribingJson object at 0x7893cfb11790>, <snowplow_tracker.self_describing_json.SelfDescribingJson object at 0x7893cfb121d0>]}
[0m21:09:33.639475 [debug] [MainThread]: Flushing usage events
